<?xml version="1.0" encoding="UTF-8"?>
<!-- Generated by org.testng.reporters.JUnitXMLReporter -->
<testsuite ignored="0" hostname="Manish" failures="1" tests="1" name="Test(failed)" time="39.704" errors="0" timestamp="2025-12-04T22:49:59 IST">
  <testcase classname="com.goibibo.TestClass.TC001LogoTest" name="isLogoPresent" time="0.115">
    <failure type="java.lang.AssertionError" message="null">
      <![CDATA[java.lang.AssertionError: null
at com.goibibo.TestClass.TC001LogoTest.isLogoPresent(TC001LogoTest.java:27)
at java.base/java.util.ArrayList.forEach(ArrayList.java:1596)
... Removed 27 stack frames]]>
    </failure>
  </testcase> <!-- isLogoPresent -->
</testsuite> <!-- Test(failed) -->
