<?xml version="1.0" encoding="UTF-8"?>
<testng-results ignored="0" total="1" passed="1" failed="0" skipped="0">
  <reporter-output>
  </reporter-output>
  <suite started-at="2025-12-09T16:27:16 IST" name="ParallelSuite" finished-at="2025-12-09T16:27:26 IST" duration-ms="9799">
    <groups>
      <group name="smoke">
        <method signature="TC001LogoTest.isLogoPresent()[pri:0, instance:com.goibibo.TestClass.TC001LogoTest@6c2ed0cd]" name="isLogoPresent" class="com.goibibo.TestClass.TC001LogoTest"/>
      </group> <!-- smoke -->
      <group name="sanity">
        <method signature="TC001LogoTest.isLogoPresent()[pri:0, instance:com.goibibo.TestClass.TC001LogoTest@6c2ed0cd]" name="isLogoPresent" class="com.goibibo.TestClass.TC001LogoTest"/>
      </group> <!-- sanity -->
    </groups>
    <test started-at="2025-12-09T16:27:16 IST" name="Test" finished-at="2025-12-09T16:27:26 IST" duration-ms="9799">
      <class name="com.goibibo.TestClass.TC001LogoTest">
        <test-method is-config="true" signature="setUp(java.lang.String,java.lang.String)[pri:0, instance:com.goibibo.TestClass.TC001LogoTest@6c2ed0cd]" started-at="2025-12-09T16:27:17 IST" name="setUp" finished-at="2025-12-09T16:27:25 IST" duration-ms="8006" status="PASS">
          <params>
            <param index="0">
              <value>
                <![CDATA[loacl]]>
              </value>
            </param>
            <param index="1">
              <value>
                <![CDATA[firefox]]>
              </value>
            </param>
          </params>
          <reporter-output>
          </reporter-output>
        </test-method> <!-- setUp -->
        <test-method signature="isLogoPresent()[pri:0, instance:com.goibibo.TestClass.TC001LogoTest@6c2ed0cd]" started-at="2025-12-09T16:27:25 IST" name="isLogoPresent" finished-at="2025-12-09T16:27:25 IST" duration-ms="114" status="PASS">
          <reporter-output>
          </reporter-output>
        </test-method> <!-- isLogoPresent -->
        <test-method is-config="true" signature="tearDown()[pri:0, instance:com.goibibo.TestClass.TC001LogoTest@6c2ed0cd]" started-at="2025-12-09T16:27:25 IST" name="tearDown" finished-at="2025-12-09T16:27:26 IST" duration-ms="1426" status="PASS">
          <reporter-output>
          </reporter-output>
        </test-method> <!-- tearDown -->
      </class> <!-- com.goibibo.TestClass.TC001LogoTest -->
    </test> <!-- Test -->
  </suite> <!-- ParallelSuite -->
</testng-results>
