<?xml version="1.0" encoding="UTF-8"?>
<!-- Generated by org.testng.reporters.JUnitReportReporter -->
<testsuite hostname="Manish" failures="0" tests="2" name="com.goibibo.TestClass.TC002FlightBookingTest" time="77.449" errors="0" timestamp="2025-12-09T15:47:58 IST" skipped="0">
  <testcase classname="com.goibibo.TestClass.TC002FlightBookingTest" name="verifyFlightBookingSearch" time="50.197"/>
  <testcase classname="com.goibibo.TestClass.TC002FlightBookingTest" name="verifyFlightBookingSearch" time="27.252"/>
</testsuite> <!-- com.goibibo.TestClass.TC002FlightBookingTest -->
